Determining if the function crc32c_value exists in the crc32c failed with the following output:
Change Dir: /home/lh123/Downloads/finalproject/courseforleveldb-master/leveldb/cmake-build-debug/CMakeFiles/CMakeTmp

Run Build Command(s):/usr/bin/make cmTC_5d0ed/fast && /usr/bin/make  -f CMakeFiles/cmTC_5d0ed.dir/build.make CMakeFiles/cmTC_5d0ed.dir/build
make[1]: Entering directory '/home/lh123/Downloads/finalproject/courseforleveldb-master/leveldb/cmake-build-debug/CMakeFiles/CMakeTmp'
Building C object CMakeFiles/cmTC_5d0ed.dir/CheckFunctionExists.c.o
/usr/bin/cc   -DCHECK_FUNCTION_EXISTS=crc32c_value   -std=c11 -o CMakeFiles/cmTC_5d0ed.dir/CheckFunctionExists.c.o   -c /home/lh123/Downloads/clion-2020.3.2/bin/cmake/linux/share/cmake-3.17/Modules/CheckFunctionExists.c
Linking C executable cmTC_5d0ed
/home/lh123/Downloads/clion-2020.3.2/bin/cmake/linux/bin/cmake -E cmake_link_script CMakeFiles/cmTC_5d0ed.dir/link.txt --verbose=1
/usr/bin/cc  -DCHECK_FUNCTION_EXISTS=crc32c_value    CMakeFiles/cmTC_5d0ed.dir/CheckFunctionExists.c.o  -o cmTC_5d0ed  -lcrc32c 
/usr/bin/ld: cannot find -lcrc32c
collect2: error: ld returned 1 exit status
CMakeFiles/cmTC_5d0ed.dir/build.make:106: recipe for target 'cmTC_5d0ed' failed
make[1]: *** [cmTC_5d0ed] Error 1
make[1]: Leaving directory '/home/lh123/Downloads/finalproject/courseforleveldb-master/leveldb/cmake-build-debug/CMakeFiles/CMakeTmp'
Makefile:141: recipe for target 'cmTC_5d0ed/fast' failed
make: *** [cmTC_5d0ed/fast] Error 2



Determining if the function snappy_compress exists in the snappy failed with the following output:
Change Dir: /home/lh123/Downloads/finalproject/courseforleveldb-master/leveldb/cmake-build-debug/CMakeFiles/CMakeTmp

Run Build Command(s):/usr/bin/make cmTC_fd114/fast && /usr/bin/make  -f CMakeFiles/cmTC_fd114.dir/build.make CMakeFiles/cmTC_fd114.dir/build
make[1]: Entering directory '/home/lh123/Downloads/finalproject/courseforleveldb-master/leveldb/cmake-build-debug/CMakeFiles/CMakeTmp'
Building C object CMakeFiles/cmTC_fd114.dir/CheckFunctionExists.c.o
/usr/bin/cc   -DCHECK_FUNCTION_EXISTS=snappy_compress   -std=c11 -o CMakeFiles/cmTC_fd114.dir/CheckFunctionExists.c.o   -c /home/lh123/Downloads/clion-2020.3.2/bin/cmake/linux/share/cmake-3.17/Modules/CheckFunctionExists.c
Linking C executable cmTC_fd114
/home/lh123/Downloads/clion-2020.3.2/bin/cmake/linux/bin/cmake -E cmake_link_script CMakeFiles/cmTC_fd114.dir/link.txt --verbose=1
/usr/bin/cc  -DCHECK_FUNCTION_EXISTS=snappy_compress    CMakeFiles/cmTC_fd114.dir/CheckFunctionExists.c.o  -o cmTC_fd114  -lsnappy 
/usr/bin/ld: cannot find -lsnappy
collect2: error: ld returned 1 exit status
CMakeFiles/cmTC_fd114.dir/build.make:106: recipe for target 'cmTC_fd114' failed
make[1]: *** [cmTC_fd114] Error 1
make[1]: Leaving directory '/home/lh123/Downloads/finalproject/courseforleveldb-master/leveldb/cmake-build-debug/CMakeFiles/CMakeTmp'
Makefile:141: recipe for target 'cmTC_fd114/fast' failed
make: *** [cmTC_fd114/fast] Error 2



Determining if the function malloc exists in the tcmalloc failed with the following output:
Change Dir: /home/lh123/Downloads/finalproject/courseforleveldb-master/leveldb/cmake-build-debug/CMakeFiles/CMakeTmp

Run Build Command(s):/usr/bin/make cmTC_178db/fast && /usr/bin/make  -f CMakeFiles/cmTC_178db.dir/build.make CMakeFiles/cmTC_178db.dir/build
make[1]: Entering directory '/home/lh123/Downloads/finalproject/courseforleveldb-master/leveldb/cmake-build-debug/CMakeFiles/CMakeTmp'
Building C object CMakeFiles/cmTC_178db.dir/CheckFunctionExists.c.o
/usr/bin/cc   -DCHECK_FUNCTION_EXISTS=malloc   -std=c11 -o CMakeFiles/cmTC_178db.dir/CheckFunctionExists.c.o   -c /home/lh123/Downloads/clion-2020.3.2/bin/cmake/linux/share/cmake-3.17/Modules/CheckFunctionExists.c
<command-line>:0:23: warning: conflicting types for built-in function ‘malloc’ [-Wbuiltin-declaration-mismatch]
/home/lh123/Downloads/clion-2020.3.2/bin/cmake/linux/share/cmake-3.17/Modules/CheckFunctionExists.c:7:3: note: in expansion of macro ‘CHECK_FUNCTION_EXISTS’
   CHECK_FUNCTION_EXISTS(void);
   ^~~~~~~~~~~~~~~~~~~~~
Linking C executable cmTC_178db
/home/lh123/Downloads/clion-2020.3.2/bin/cmake/linux/bin/cmake -E cmake_link_script CMakeFiles/cmTC_178db.dir/link.txt --verbose=1
/usr/bin/cc  -DCHECK_FUNCTION_EXISTS=malloc    CMakeFiles/cmTC_178db.dir/CheckFunctionExists.c.o  -o cmTC_178db  -ltcmalloc 
/usr/bin/ld: cannot find -ltcmalloc
collect2: error: ld returned 1 exit status
CMakeFiles/cmTC_178db.dir/build.make:106: recipe for target 'cmTC_178db' failed
make[1]: *** [cmTC_178db] Error 1
make[1]: Leaving directory '/home/lh123/Downloads/finalproject/courseforleveldb-master/leveldb/cmake-build-debug/CMakeFiles/CMakeTmp'
Makefile:141: recipe for target 'cmTC_178db/fast' failed
make: *** [cmTC_178db/fast] Error 2



Determining if the F_FULLFSYNC exist failed with the following output:
Change Dir: /home/lh123/Downloads/finalproject/courseforleveldb-master/leveldb/cmake-build-debug/CMakeFiles/CMakeTmp

Run Build Command(s):/usr/bin/make cmTC_1ae8d/fast && /usr/bin/make  -f CMakeFiles/cmTC_1ae8d.dir/build.make CMakeFiles/cmTC_1ae8d.dir/build
make[1]: Entering directory '/home/lh123/Downloads/finalproject/courseforleveldb-master/leveldb/cmake-build-debug/CMakeFiles/CMakeTmp'
Building CXX object CMakeFiles/cmTC_1ae8d.dir/CheckSymbolExists.cxx.o
/usr/bin/c++    -std=c++11 -o CMakeFiles/cmTC_1ae8d.dir/CheckSymbolExists.cxx.o -c /home/lh123/Downloads/finalproject/courseforleveldb-master/leveldb/cmake-build-debug/CMakeFiles/CMakeTmp/CheckSymbolExists.cxx
/home/lh123/Downloads/finalproject/courseforleveldb-master/leveldb/cmake-build-debug/CMakeFiles/CMakeTmp/CheckSymbolExists.cxx: In function ‘int main(int, char**)’:
/home/lh123/Downloads/finalproject/courseforleveldb-master/leveldb/cmake-build-debug/CMakeFiles/CMakeTmp/CheckSymbolExists.cxx:8:19: error: ‘F_FULLFSYNC’ was not declared in this scope
   return ((int*)(&F_FULLFSYNC))[argc];
                   ^~~~~~~~~~~
/home/lh123/Downloads/finalproject/courseforleveldb-master/leveldb/cmake-build-debug/CMakeFiles/CMakeTmp/CheckSymbolExists.cxx:8:19: note: suggested alternative: ‘O_FSYNC’
   return ((int*)(&F_FULLFSYNC))[argc];
                   ^~~~~~~~~~~
                   O_FSYNC
CMakeFiles/cmTC_1ae8d.dir/build.make:85: recipe for target 'CMakeFiles/cmTC_1ae8d.dir/CheckSymbolExists.cxx.o' failed
make[1]: *** [CMakeFiles/cmTC_1ae8d.dir/CheckSymbolExists.cxx.o] Error 1
make[1]: Leaving directory '/home/lh123/Downloads/finalproject/courseforleveldb-master/leveldb/cmake-build-debug/CMakeFiles/CMakeTmp'
Makefile:141: recipe for target 'cmTC_1ae8d/fast' failed
make: *** [cmTC_1ae8d/fast] Error 2


File /home/lh123/Downloads/finalproject/courseforleveldb-master/leveldb/cmake-build-debug/CMakeFiles/CMakeTmp/CheckSymbolExists.cxx:
/* */
#include <fcntl.h>

int main(int argc, char** argv)
{
  (void)argv;
#ifndef F_FULLFSYNC
  return ((int*)(&F_FULLFSYNC))[argc];
#else
  (void)argc;
  return 0;
#endif
}
Performing C++ SOURCE FILE Test HAVE_CLANG_THREAD_SAFETY failed with the following output:
Change Dir: /home/lh123/Downloads/finalproject/courseforleveldb-master/leveldb/cmake-build-debug/CMakeFiles/CMakeTmp

Run Build Command(s):/usr/bin/make cmTC_50053/fast && /usr/bin/make  -f CMakeFiles/cmTC_50053.dir/build.make CMakeFiles/cmTC_50053.dir/build
make[1]: Entering directory '/home/lh123/Downloads/finalproject/courseforleveldb-master/leveldb/cmake-build-debug/CMakeFiles/CMakeTmp'
Building CXX object CMakeFiles/cmTC_50053.dir/src.cxx.o
/usr/bin/c++    -fno-exceptions -fno-rtti -DHAVE_CLANG_THREAD_SAFETY   -Wthread-safety -std=c++11 -o CMakeFiles/cmTC_50053.dir/src.cxx.o -c /home/lh123/Downloads/finalproject/courseforleveldb-master/leveldb/cmake-build-debug/CMakeFiles/CMakeTmp/src.cxx
c++: error: unrecognized command line option '-Wthread-safety'; did you mean '-fthread-jumps'?
CMakeFiles/cmTC_50053.dir/build.make:85: recipe for target 'CMakeFiles/cmTC_50053.dir/src.cxx.o' failed
make[1]: *** [CMakeFiles/cmTC_50053.dir/src.cxx.o] Error 1
make[1]: Leaving directory '/home/lh123/Downloads/finalproject/courseforleveldb-master/leveldb/cmake-build-debug/CMakeFiles/CMakeTmp'
Makefile:141: recipe for target 'cmTC_50053/fast' failed
make: *** [cmTC_50053/fast] Error 2


Source file was:
int main() { return 0; }
Performing C SOURCE FILE Test CMAKE_HAVE_LIBC_PTHREAD failed with the following output:
Change Dir: /home/lh123/Downloads/finalproject/courseforleveldb-master/leveldb/cmake-build-debug/CMakeFiles/CMakeTmp

Run Build Command(s):/usr/bin/make cmTC_54541/fast && /usr/bin/make  -f CMakeFiles/cmTC_54541.dir/build.make CMakeFiles/cmTC_54541.dir/build
make[1]: Entering directory '/home/lh123/Downloads/finalproject/courseforleveldb-master/leveldb/cmake-build-debug/CMakeFiles/CMakeTmp'
Building C object CMakeFiles/cmTC_54541.dir/src.c.o
/usr/bin/cc   -Wstrict-prototypes -DCMAKE_HAVE_LIBC_PTHREAD   -std=c11 -o CMakeFiles/cmTC_54541.dir/src.c.o   -c /home/lh123/Downloads/finalproject/courseforleveldb-master/leveldb/cmake-build-debug/CMakeFiles/CMakeTmp/src.c
Linking C executable cmTC_54541
/home/lh123/Downloads/clion-2020.3.2/bin/cmake/linux/bin/cmake -E cmake_link_script CMakeFiles/cmTC_54541.dir/link.txt --verbose=1
/usr/bin/cc  -Wstrict-prototypes -DCMAKE_HAVE_LIBC_PTHREAD    CMakeFiles/cmTC_54541.dir/src.c.o  -o cmTC_54541 
CMakeFiles/cmTC_54541.dir/src.c.o: In function `main':
src.c:(.text+0x3e): undefined reference to `pthread_create'
src.c:(.text+0x4a): undefined reference to `pthread_detach'
src.c:(.text+0x56): undefined reference to `pthread_cancel'
src.c:(.text+0x67): undefined reference to `pthread_join'
src.c:(.text+0x7b): undefined reference to `pthread_atfork'
collect2: error: ld returned 1 exit status
CMakeFiles/cmTC_54541.dir/build.make:106: recipe for target 'cmTC_54541' failed
make[1]: *** [cmTC_54541] Error 1
make[1]: Leaving directory '/home/lh123/Downloads/finalproject/courseforleveldb-master/leveldb/cmake-build-debug/CMakeFiles/CMakeTmp'
Makefile:141: recipe for target 'cmTC_54541/fast' failed
make: *** [cmTC_54541/fast] Error 2


Source file was:
#include <pthread.h>

void* test_func(void* data)
{
  return data;
}

int main(void)
{
  pthread_t thread;
  pthread_create(&thread, NULL, test_func, NULL);
  pthread_detach(thread);
  pthread_cancel(thread);
  pthread_join(thread, NULL);
  pthread_atfork(NULL, NULL, NULL);
  pthread_exit(NULL);

  return 0;
}

Determining if the function pthread_create exists in the pthreads failed with the following output:
Change Dir: /home/lh123/Downloads/finalproject/courseforleveldb-master/leveldb/cmake-build-debug/CMakeFiles/CMakeTmp

Run Build Command(s):/usr/bin/make cmTC_7555d/fast && /usr/bin/make  -f CMakeFiles/cmTC_7555d.dir/build.make CMakeFiles/cmTC_7555d.dir/build
make[1]: Entering directory '/home/lh123/Downloads/finalproject/courseforleveldb-master/leveldb/cmake-build-debug/CMakeFiles/CMakeTmp'
Building C object CMakeFiles/cmTC_7555d.dir/CheckFunctionExists.c.o
/usr/bin/cc   -Wstrict-prototypes -DCHECK_FUNCTION_EXISTS=pthread_create   -std=c11 -o CMakeFiles/cmTC_7555d.dir/CheckFunctionExists.c.o   -c /home/lh123/Downloads/clion-2020.3.2/bin/cmake/linux/share/cmake-3.17/Modules/CheckFunctionExists.c
Linking C executable cmTC_7555d
/home/lh123/Downloads/clion-2020.3.2/bin/cmake/linux/bin/cmake -E cmake_link_script CMakeFiles/cmTC_7555d.dir/link.txt --verbose=1
/usr/bin/cc  -Wstrict-prototypes -DCHECK_FUNCTION_EXISTS=pthread_create    CMakeFiles/cmTC_7555d.dir/CheckFunctionExists.c.o  -o cmTC_7555d  -lpthreads 
/usr/bin/ld: cannot find -lpthreads
collect2: error: ld returned 1 exit status
CMakeFiles/cmTC_7555d.dir/build.make:106: recipe for target 'cmTC_7555d' failed
make[1]: *** [cmTC_7555d] Error 1
make[1]: Leaving directory '/home/lh123/Downloads/finalproject/courseforleveldb-master/leveldb/cmake-build-debug/CMakeFiles/CMakeTmp'
Makefile:141: recipe for target 'cmTC_7555d/fast' failed
make: *** [cmTC_7555d/fast] Error 2



Determining if the function sqlite3_open exists in the sqlite3 failed with the following output:
Change Dir: /home/lh123/Downloads/finalproject/courseforleveldb-master/leveldb/cmake-build-debug/CMakeFiles/CMakeTmp

Run Build Command(s):/usr/bin/make cmTC_4bc51/fast && /usr/bin/make  -f CMakeFiles/cmTC_4bc51.dir/build.make CMakeFiles/cmTC_4bc51.dir/build
make[1]: Entering directory '/home/lh123/Downloads/finalproject/courseforleveldb-master/leveldb/cmake-build-debug/CMakeFiles/CMakeTmp'
Building C object CMakeFiles/cmTC_4bc51.dir/CheckFunctionExists.c.o
/usr/bin/cc   -Wstrict-prototypes -DCHECK_FUNCTION_EXISTS=sqlite3_open   -std=c11 -o CMakeFiles/cmTC_4bc51.dir/CheckFunctionExists.c.o   -c /home/lh123/Downloads/clion-2020.3.2/bin/cmake/linux/share/cmake-3.17/Modules/CheckFunctionExists.c
Linking C executable cmTC_4bc51
/home/lh123/Downloads/clion-2020.3.2/bin/cmake/linux/bin/cmake -E cmake_link_script CMakeFiles/cmTC_4bc51.dir/link.txt --verbose=1
/usr/bin/cc  -Wstrict-prototypes -DCHECK_FUNCTION_EXISTS=sqlite3_open    CMakeFiles/cmTC_4bc51.dir/CheckFunctionExists.c.o  -o cmTC_4bc51  -lsqlite3 
/usr/bin/ld: cannot find -lsqlite3
collect2: error: ld returned 1 exit status
CMakeFiles/cmTC_4bc51.dir/build.make:106: recipe for target 'cmTC_4bc51' failed
make[1]: *** [cmTC_4bc51] Error 1
make[1]: Leaving directory '/home/lh123/Downloads/finalproject/courseforleveldb-master/leveldb/cmake-build-debug/CMakeFiles/CMakeTmp'
Makefile:141: recipe for target 'cmTC_4bc51/fast' failed
make: *** [cmTC_4bc51/fast] Error 2



Performing C++ SOURCE FILE Test HAVE_KYOTOCABINET failed with the following output:
Change Dir: /home/lh123/Downloads/finalproject/courseforleveldb-master/leveldb/cmake-build-debug/CMakeFiles/CMakeTmp

Run Build Command(s):/usr/bin/make cmTC_623ca/fast && /usr/bin/make  -f CMakeFiles/cmTC_623ca.dir/build.make CMakeFiles/cmTC_623ca.dir/build
make[1]: Entering directory '/home/lh123/Downloads/finalproject/courseforleveldb-master/leveldb/cmake-build-debug/CMakeFiles/CMakeTmp'
Building CXX object CMakeFiles/cmTC_623ca.dir/src.cxx.o
/usr/bin/c++    -fno-exceptions -fno-rtti -DHAVE_KYOTOCABINET   -std=c++11 -o CMakeFiles/cmTC_623ca.dir/src.cxx.o -c /home/lh123/Downloads/finalproject/courseforleveldb-master/leveldb/cmake-build-debug/CMakeFiles/CMakeTmp/src.cxx
/home/lh123/Downloads/finalproject/courseforleveldb-master/leveldb/cmake-build-debug/CMakeFiles/CMakeTmp/src.cxx:2:10: fatal error: kcpolydb.h: No such file or directory
 #include <kcpolydb.h>
          ^~~~~~~~~~~~
compilation terminated.
CMakeFiles/cmTC_623ca.dir/build.make:85: recipe for target 'CMakeFiles/cmTC_623ca.dir/src.cxx.o' failed
make[1]: *** [CMakeFiles/cmTC_623ca.dir/src.cxx.o] Error 1
make[1]: Leaving directory '/home/lh123/Downloads/finalproject/courseforleveldb-master/leveldb/cmake-build-debug/CMakeFiles/CMakeTmp'
Makefile:141: recipe for target 'cmTC_623ca/fast' failed
make: *** [cmTC_623ca/fast] Error 2


Source file was:

#include <kcpolydb.h>

int main() {
  kyotocabinet::TreeDB* db = new kyotocabinet::TreeDB();
  delete db;
  return 0;
}
  
